<?xml version="1.0" encoding="UTF-8"?>
<testng-results ignored="0" total="1" passed="1" failed="0" skipped="0">
  <reporter-output>
  </reporter-output>
  <suite started-at="2023-01-18T19:00:06 IST" name="Default suite" finished-at="2023-01-18T19:00:09 IST" duration-ms="3335">
    <groups>
    </groups>
    <test started-at="2023-01-18T19:00:06 IST" name="Default test" finished-at="2023-01-18T19:00:09 IST" duration-ms="3335">
      <class name="com.authentication.BasicAuthToken">
        <test-method signature="getUserDetails()[pri:0, instance:com.authentication.BasicAuthToken@6af93788]" started-at="2023-01-18T19:00:06 IST" name="getUserDetails" finished-at="2023-01-18T19:00:09 IST" duration-ms="3293" status="PASS">
          <reporter-output>
          </reporter-output>
        </test-method> <!-- getUserDetails -->
      </class> <!-- com.authentication.BasicAuthToken -->
    </test> <!-- Default test -->
  </suite> <!-- Default suite -->
</testng-results>
